2023-03-20 18:51:05,387-INFO-airportExtract.py-The URL to scrape the airports data, has been initialized
2023-03-20 18:51:06,182-INFO-airportExtract.py-Connection established
2023-03-20 18:51:06,558-INFO-airportExtract.py-Scraping process is now going to be started
2023-03-20 18:51:06,580-INFO-airportExtract.py-Scraping is now completed
2023-03-20 18:51:39,370-INFO-airportExtract.py-The URL to scrape the airports data, has been initialized
2023-03-20 18:51:40,012-INFO-airportExtract.py-Connection established
2023-03-20 18:51:40,254-INFO-airportExtract.py-Scraping process is now going to be started
2023-03-20 18:51:40,333-INFO-airportExtract.py-Scraping is now completed
2023-03-20 18:55:38,420-INFO-airportExtract.py-The URL to scrape the airports data, has been initialized
2023-03-20 18:55:39,128-INFO-airportExtract.py-Connection established
2023-03-20 18:55:39,410-INFO-airportExtract.py-Scraping process is now going to be started
2023-03-20 18:55:39,460-INFO-airportExtract.py-Scraping is now completed
2023-03-20 18:55:59,839-INFO-airportExtract.py-The URL to scrape the airports data, has been initialized
2023-03-20 18:56:00,509-INFO-airportExtract.py-Connection established
2023-03-20 18:56:00,777-INFO-airportExtract.py-Scraping process is now going to be started
2023-03-20 18:56:00,801-INFO-airportExtract.py-Scraping is now completed
2023-03-20 18:56:50,991-INFO-airportExtract.py-The URL to scrape the airports data, has been initialized
2023-03-20 18:56:51,864-INFO-airportExtract.py-Connection established
2023-03-20 18:56:52,148-INFO-airportExtract.py-Scraping process is now going to be started
2023-03-20 18:56:52,171-INFO-airportExtract.py-Scraping is now completed
2023-03-20 21:07:39,678-INFO-airportExtract.py-The URL to scrape the airports data, has been initialized
2023-03-20 21:07:40,696-INFO-airportExtract.py-Connection established
2023-03-20 21:07:40,833-INFO-airportExtract.py-Scraping process is now going to be started
2023-03-20 21:07:40,846-INFO-airportExtract.py-Scraping is now completed
2023-03-20 21:08:04,882-INFO-airportExtract.py-The URL to scrape the airports data, has been initialized
2023-03-20 21:08:05,425-INFO-airportExtract.py-Connection established
2023-03-20 21:08:05,523-INFO-airportExtract.py-Scraping process is now going to be started
2023-03-20 21:08:05,535-INFO-airportExtract.py-Scraping is now completed
2023-03-20 21:08:40,066-INFO-airportExtract.py-The URL to scrape the airports data, has been initialized
2023-03-20 21:08:40,790-INFO-airportExtract.py-Connection established
2023-03-20 21:08:40,900-INFO-airportExtract.py-Scraping process is now going to be started
2023-03-20 21:08:40,911-INFO-airportExtract.py-Scraping is now completed
2023-03-22 09:55:59,469-INFO-airportExtract.py-The URL to scrape the airports data, has been set
2023-03-22 09:56:00,962-INFO-airportExtract.py-Connection established
2023-03-22 09:56:01,395-INFO-airportExtract.py-Scraping process is now going to be started
2023-03-22 09:56:01,432-INFO-airportExtract.py-Scraping is now completed
2023-03-22 09:56:22,968-INFO-airportExtract.py-The URL to scrape the airports data, has been set
2023-03-22 09:56:23,721-INFO-airportExtract.py-Connection established
2023-03-22 09:56:24,026-INFO-airportExtract.py-Scraping process is now going to be started
2023-03-22 09:56:24,087-INFO-airportExtract.py-Scraping is now completed
2023-03-22 09:57:35,497-INFO-airportExtract.py-The URL to scrape the airports data, has been set
2023-03-22 09:57:36,232-INFO-airportExtract.py-Connection established
2023-03-22 09:57:36,641-INFO-airportExtract.py-Scraping process is now going to be started
2023-03-22 09:57:36,688-INFO-airportExtract.py-Scraping is now completed
2023-03-22 10:00:15,612-INFO-airportExtract.py-The URL to scrape the airports data, has been set
2023-03-22 10:00:16,345-INFO-airportExtract.py-Connection established
2023-03-22 10:00:16,612-INFO-airportExtract.py-Scraping process is now going to be started
2023-03-22 10:00:16,641-INFO-airportExtract.py-Scraping is now completed
2023-03-22 10:00:47,072-INFO-airportExtract.py-The URL to scrape the airports data, has been set
2023-03-22 10:00:47,877-INFO-airportExtract.py-Connection established
2023-03-22 10:00:48,254-INFO-airportExtract.py-Scraping process is now going to be started
2023-03-22 10:00:48,283-INFO-airportExtract.py-Scraping is now completed
2023-03-22 10:02:45,667-INFO-airportExtract.py-The URL to scrape the airports data, has been set
2023-03-22 10:02:46,350-INFO-airportExtract.py-Connection established
2023-03-22 10:02:46,644-INFO-airportExtract.py-Scraping process is now going to be started
2023-03-22 10:02:46,671-INFO-airportExtract.py-Scraping is now completed
