2023-03-20 18:52:04,636-INFO-dbConnect.py-Database variables have been initialized
2023-03-20 18:56:16,785-INFO-dbConnect.py-Database variables have been initialized
2023-03-20 18:56:16,785-INFO-dbConnect.py-We are going to create database client
2023-03-20 18:56:16,785-INFO-dbConnect.py-Database client is created
2023-03-20 18:56:16,785-INFO-dbConnect.py-We are now going to insert record into the database
2023-03-20 18:56:17,162-INFO-dbConnect.py-Record is now inserted
2023-03-20 21:08:28,467-INFO-dbConnect.py-Database variables have been initialized
2023-03-20 21:08:28,469-INFO-dbConnect.py-We are going to create database client
2023-03-20 21:08:28,469-INFO-dbConnect.py-Database client is created
2023-03-20 21:08:28,470-INFO-dbConnect.py-We are now going to insert record into the database
2023-03-20 21:08:28,788-INFO-dbConnect.py-Record is now inserted
2023-03-22 09:56:45,523-INFO-dbConnect.py-Database variables have been initialized
2023-03-22 09:56:45,576-INFO-dbConnect.py-We are going to create database client
2023-03-22 09:56:45,578-INFO-dbConnect.py-Database client is created
2023-03-22 09:56:45,579-INFO-dbConnect.py-We are now going to insert record into the database
2023-03-22 09:56:45,942-INFO-dbConnect.py-Record is now inserted
2023-03-22 12:01:05,807-INFO-dbConnect.py-Database variables have been initialized
2023-03-22 12:01:05,829-INFO-dbConnect.py-We are going to create database client
2023-03-22 12:01:05,829-INFO-dbConnect.py-Database client is created
2023-03-22 12:01:05,831-INFO-dbConnect.py-We are now going to insert record into the database
2023-03-22 12:01:06,165-INFO-dbConnect.py-Record is now inserted
2023-03-22 12:04:05,427-INFO-dbConnect.py-Database variables have been initialized
2023-03-22 12:04:05,427-INFO-dbConnect.py-We are going to create database client
2023-03-22 12:04:05,428-INFO-dbConnect.py-Database client is created
2023-03-22 12:04:05,428-INFO-dbConnect.py-We are now going to insert record into the database
2023-03-22 12:04:05,766-INFO-dbConnect.py-Record is now inserted
2023-03-22 12:06:54,046-INFO-dbConnect.py-Database variables have been initialized
2023-03-22 12:06:54,046-INFO-dbConnect.py-We are going to create database client
2023-03-22 12:06:54,047-INFO-dbConnect.py-Database client is created
2023-03-22 12:06:54,047-INFO-dbConnect.py-We are now going to insert record into the database
2023-03-22 12:06:54,402-INFO-dbConnect.py-Record is now inserted
2023-03-23 01:12:19,124-INFO-dbConnect.py-Database variables have been initialized
2023-03-23 01:12:19,173-INFO-dbConnect.py-We are going to create database client
2023-03-23 01:12:19,174-INFO-dbConnect.py-Database client is created
2023-03-23 01:12:19,174-INFO-dbConnect.py-We are now going to insert record into the database
2023-03-23 01:12:19,494-INFO-dbConnect.py-Record is now inserted
2023-03-23 09:46:20,273-INFO-dbConnect.py-Database variables have been initialized
2023-03-23 09:46:20,274-INFO-dbConnect.py-We are going to create database client
2023-03-23 09:46:20,274-INFO-dbConnect.py-Database client is created
2023-03-23 09:46:20,274-INFO-dbConnect.py-We are now going to insert record into the database
2023-03-23 09:46:20,611-INFO-dbConnect.py-Record is now inserted
2023-03-23 10:55:50,760-INFO-dbConnect.py-Database variables have been initialized
2023-03-23 10:55:50,805-INFO-dbConnect.py-We are going to create database client
2023-03-23 10:55:50,805-INFO-dbConnect.py-Database client is created
2023-03-23 10:55:50,805-INFO-dbConnect.py-We are now going to insert record into the database
2023-03-23 10:55:51,154-INFO-dbConnect.py-Record is now inserted
2023-03-23 11:02:47,244-INFO-dbConnect.py-Database variables have been initialized
2023-03-23 11:02:47,245-INFO-dbConnect.py-We are going to create database client
2023-03-23 11:02:47,245-INFO-dbConnect.py-Database client is created
2023-03-23 11:02:47,245-INFO-dbConnect.py-We are now going to insert record into the database
2023-03-23 11:02:47,580-INFO-dbConnect.py-Record is now inserted
2023-03-23 13:52:54,211-INFO-dbConnect.py-Database variables have been initialized
2023-03-23 13:52:54,212-INFO-dbConnect.py-We are going to create database client
2023-03-23 13:52:54,212-INFO-dbConnect.py-Database client is created
2023-03-23 13:52:54,212-INFO-dbConnect.py-We are now going to insert record into the database
2023-03-23 13:52:54,682-INFO-dbConnect.py-Record is now inserted
