2023-03-20 18:51:40,333-INFO-flightExtract.py-Variables have been initialized to scrape the flight details from the website
2023-03-20 18:52:01,889-INFO-flightExtract.py-Connection is established
2023-03-20 18:52:01,889-INFO-flightExtract.py-Scraping process is now going to be started
2023-03-20 18:52:02,510-INFO-flightExtract.py-Scraping process is now completed
2023-03-20 18:56:00,801-INFO-flightExtract.py-Variables have been initialized to scrape the flight details from the website
2023-03-20 18:56:14,056-INFO-flightExtract.py-Connection is established
2023-03-20 18:56:14,056-INFO-flightExtract.py-Scraping process is now going to be started
2023-03-20 18:56:14,649-INFO-flightExtract.py-Scraping process is now completed
2023-03-20 21:08:05,535-INFO-flightExtract.py-Variables have been initialized to scrape the flight details from the website
2023-03-20 21:08:25,730-INFO-flightExtract.py-Connection is established
2023-03-20 21:08:25,731-INFO-flightExtract.py-Scraping process is now going to be started
2023-03-20 21:08:26,304-INFO-flightExtract.py-Scraping process is now completed
2023-03-22 09:56:24,089-INFO-flightExtract.py-Variables are initialized to scrape the flight details
2023-03-22 09:56:42,610-INFO-flightExtract.py-Connection is established
2023-03-22 09:56:42,611-INFO-flightExtract.py-Scraping process is now going to be started
2023-03-22 09:56:43,381-INFO-flightExtract.py-Scraping process is now completed
2023-03-22 10:00:16,642-INFO-flightExtract.py-Variables are initialized to scrape the flight details
2023-03-22 10:00:35,615-INFO-flightExtract.py-Connection is established
2023-03-22 10:00:35,615-INFO-flightExtract.py-Scraping process is now going to be started
2023-03-22 10:00:35,652-INFO-flightExtract.py-Scraping process is now completed
2023-03-22 11:52:40,773-INFO-flightExtract.py-Variables are initialized to scrape the flight details
2023-03-22 11:52:58,605-INFO-flightExtract.py-Connection is established
2023-03-22 11:52:58,606-INFO-flightExtract.py-Scraping process is now going to be started
2023-03-22 11:52:58,734-INFO-flightExtract.py-Scraping process is now completed
2023-03-22 11:53:53,943-INFO-flightExtract.py-Variables are initialized to scrape the flight details
2023-03-22 11:54:05,947-INFO-flightExtract.py-Connection is established
2023-03-22 11:54:05,947-INFO-flightExtract.py-Scraping process is now going to be started
2023-03-22 11:54:05,989-INFO-flightExtract.py-Scraping process is now completed
2023-03-22 12:00:48,161-INFO-flightExtract.py-Variables are initialized to scrape the flight details
2023-03-22 12:01:02,686-INFO-flightExtract.py-Connection is established
2023-03-22 12:01:02,687-INFO-flightExtract.py-Scraping process is now going to be started
2023-03-22 12:01:03,749-INFO-flightExtract.py-Scraping process is now completed
2023-03-22 12:01:37,669-INFO-flightExtract.py-Variables are initialized to scrape the flight details
2023-03-22 12:01:52,115-INFO-flightExtract.py-Connection is established
2023-03-22 12:01:52,115-INFO-flightExtract.py-Scraping process is now going to be started
2023-03-22 12:01:52,158-INFO-flightExtract.py-Scraping process is now completed
2023-03-22 12:03:46,631-INFO-flightExtract.py-Variables are initialized to scrape the flight details
2023-03-22 12:04:03,188-INFO-flightExtract.py-Connection is established
2023-03-22 12:04:03,189-INFO-flightExtract.py-Scraping process is now going to be started
2023-03-22 12:04:03,387-INFO-flightExtract.py-Scraping process is now completed
2023-03-22 12:06:32,627-INFO-flightExtract.py-Variables are initialized to scrape the flight details
2023-03-22 12:06:51,651-INFO-flightExtract.py-Connection is established
2023-03-22 12:06:51,651-INFO-flightExtract.py-Scraping process is now going to be started
2023-03-22 12:06:51,994-INFO-flightExtract.py-Scraping process is now completed
2023-03-23 01:11:07,225-INFO-flightExtract.py-Variables are initialized to scrape the flight details
2023-03-23 01:11:36,197-INFO-flightExtract.py-Connection is established
2023-03-23 01:11:36,197-INFO-flightExtract.py-Scraping process is now going to be started
2023-03-23 01:11:36,325-INFO-flightExtract.py-Scraping process is now completed
2023-03-23 01:12:01,203-INFO-flightExtract.py-Variables are initialized to scrape the flight details
2023-03-23 01:12:16,635-INFO-flightExtract.py-Connection is established
2023-03-23 01:12:16,636-INFO-flightExtract.py-Scraping process is now going to be started
2023-03-23 01:12:17,063-INFO-flightExtract.py-Scraping process is now completed
2023-03-23 09:45:55,551-INFO-flightExtract.py-Variables are initialized to scrape the flight details
2023-03-23 09:46:17,860-INFO-flightExtract.py-Connection is established
2023-03-23 09:46:17,860-INFO-flightExtract.py-Scraping process is now going to be started
2023-03-23 09:46:18,203-INFO-flightExtract.py-Scraping process is now completed
2023-03-23 10:55:24,677-INFO-flightExtract.py-Variables are initialized to scrape the flight details
2023-03-23 10:55:48,160-INFO-flightExtract.py-Connection is established
2023-03-23 10:55:48,160-INFO-flightExtract.py-Scraping process is now going to be started
2023-03-23 10:55:48,587-INFO-flightExtract.py-Scraping process is now completed
2023-03-23 11:02:25,330-INFO-flightExtract.py-Variables are initialized to scrape the flight details
2023-03-23 11:02:44,702-INFO-flightExtract.py-Connection is established
2023-03-23 11:02:44,702-INFO-flightExtract.py-Scraping process is now going to be started
2023-03-23 11:02:45,109-INFO-flightExtract.py-Scraping process is now completed
